<?xml version="1.0" encoding="UTF-8"?>
<!-- Generated by org.testng.reporters.JUnitReportReporter -->
<testsuite hostname="deepa-PC" name="com.maven.datadriven.framework.RandomTest" tests="1" failures="0" timestamp="22 Feb 2015 02:10:34 GMT" time="0.009" errors="0">
  <testcase name="testApp" time="0.009" classname="com.maven.datadriven.framework.RandomTest"/>
</testsuite>
